<?xml version="1.0" encoding="UTF-8"?>
<testng-results skipped="0" failed="0" ignored="0" total="2" passed="2">
  <reporter-output>
  </reporter-output>
  <suite name="Default suite" duration-ms="75973" started-at="2020-12-23T01:01:22Z" finished-at="2020-12-23T01:02:38Z">
    <groups>
    </groups>
    <test name="Default test" duration-ms="75973" started-at="2020-12-23T01:01:22Z" finished-at="2020-12-23T01:02:38Z">
      <class name="org.test.TestClass">
        <test-method status="PASS" signature="tc1()[pri:0, instance:org.test.TestClass@77caeb3e]" name="tc1" is-config="true" duration-ms="20370" started-at="2020-12-23T01:01:01Z" finished-at="2020-12-23T01:01:22Z">
          <reporter-output>
          </reporter-output>
        </test-method> <!-- tc1 -->
        <test-method status="PASS" signature="Login()[pri:0, instance:org.test.TestClass@77caeb3e]" name="Login" duration-ms="51425" started-at="2020-12-23T01:01:22Z" finished-at="2020-12-23T01:02:13Z">
          <reporter-output>
          </reporter-output>
        </test-method> <!-- Login -->
        <test-method status="PASS" signature="details()[pri:0, instance:org.test.TestClass@77caeb3e]" name="details" duration-ms="24489" started-at="2020-12-23T01:02:13Z" depends-on-methods="org.test.TestClass.Login" finished-at="2020-12-23T01:02:38Z">
          <reporter-output>
          </reporter-output>
        </test-method> <!-- details -->
      </class> <!-- org.test.TestClass -->
    </test> <!-- Default test -->
  </suite> <!-- Default suite -->
</testng-results>
